\BOOKMARK [0][-]{chapter.1}{Introduction}{}% 1
\BOOKMARK [1][-]{section.1.1}{Motivation}{chapter.1}% 2
\BOOKMARK [1][-]{section.1.2}{Hypothesis}{chapter.1}% 3
\BOOKMARK [1][-]{section.1.3}{Thesis Outline}{chapter.1}% 4
\BOOKMARK [1][-]{section.1.4}{Summary}{chapter.1}% 5
\BOOKMARK [0][-]{chapter.2}{Background}{}% 6
\BOOKMARK [1][-]{subsection.2.0.1}{Radio Frequency Identification \(RFID\)}{chapter.2}% 7
\BOOKMARK [2][-]{subsection.2.0.2}{Raspberry Pi}{subsection.2.0.1}% 8
\BOOKMARK [2][-]{subsection.2.0.3}{Distance estimation and localisation principles}{subsection.2.0.1}% 9
\BOOKMARK [1][-]{section.2.1}{Literature review}{chapter.2}% 10
\BOOKMARK [2][-]{subsection.2.1.1}{SpotON}{section.2.1}% 11
\BOOKMARK [2][-]{subsection.2.1.2}{An Introduction to RFID Technology Want2006}{section.2.1}% 12
\BOOKMARK [2][-]{subsection.2.1.3}{RFID Tags: Positioning Principles and Localization Techniques Bouet2008}{section.2.1}% 13
\BOOKMARK [2][-]{subsection.2.1.4}{Semantic Sensor Net: An Extensible FrameworkNi2005}{section.2.1}% 14
\BOOKMARK [2][-]{subsection.2.1.5}{LANDMARC: Indoor Location Sensing Using Active RFID Ni2004}{section.2.1}% 15
\BOOKMARK [2][-]{subsection.2.1.6}{Location Estimation Technique using Extended 3-D LANDMARC Algorithm for Passive RFID Tag Khan2009}{section.2.1}% 16
\BOOKMARK [1][-]{section.2.2}{Summary}{chapter.2}% 17
\BOOKMARK [0][-]{chapter.3}{Methodology}{}% 18
\BOOKMARK [1][-]{section.3.1}{Summary}{chapter.3}% 19
\BOOKMARK [0][-]{chapter.4}{Design}{}% 20
\BOOKMARK [1][-]{section.4.1}{Summary}{chapter.4}% 21
\BOOKMARK [0][-]{chapter.5}{Implementation}{}% 22
\BOOKMARK [1][-]{section.5.1}{Summary}{chapter.5}% 23
\BOOKMARK [0][-]{chapter.6}{Evaluation}{}% 24
\BOOKMARK [1][-]{section.6.1}{Summary}{chapter.6}% 25
\BOOKMARK [0][-]{chapter.7}{Discussion}{}% 26
\BOOKMARK [0][-]{chapter.8}{Future Work}{}% 27
\BOOKMARK [0][-]{chapter.9}{Conclusion}{}% 28
\BOOKMARK [0][-]{appendix.A}{Appendix}{}% 29
\BOOKMARK [0][-]{appendix*.4}{Bibliography}{}% 30
